<?xml version="1.0" encoding="UTF-8"?>
<testsuite name="TennisTest" tests="3" skipped="0" failures="0" errors="0" timestamp="2020-10-23T13:47:12" hostname="Csabas-MacBook-Pro-2.local" time="0.003">
  <properties/>
  <testcase name="testTennisCanReturnZeroScores" classname="TennisTest" time="0.002"/>
  <testcase name="testPlayerCanScore" classname="TennisTest" time="0.0"/>
  <testcase name="testCanInstantiateTennisClass" classname="TennisTest" time="0.0"/>
  <system-out><![CDATA[]]></system-out>
  <system-err><![CDATA[]]></system-err>
</testsuite>
